This is pdfTeX, Version 3.14159265-2.6-1.40.15 (TeX Live 2014) (preloaded format=pdflatex 2015.2.18)  9 SEP 2015 00:00
entering extended mode
 restricted \write18 enabled.
 %&-line parsing enabled.
**main_part_2.tex
(./main_part_2.tex
LaTeX2e <2014/05/01>
Babel <3.9k> and hyphenation patterns for 78 languages loaded.
(/usr/local/texlive/2014/texmf-dist/tex/latex/base/article.cls
Document Class: article 2007/10/19 v1.4h Standard LaTeX document class
(/usr/local/texlive/2014/texmf-dist/tex/latex/base/size10.clo
File: size10.clo 2007/10/19 v1.4h Standard LaTeX file (size option)
)
\c@part=\count79
\c@section=\count80
\c@subsection=\count81
\c@subsubsection=\count82
\c@paragraph=\count83
\c@subparagraph=\count84
\c@figure=\count85
\c@table=\count86
\abovecaptionskip=\skip41
\belowcaptionskip=\skip42
\bibindent=\dimen102
)
(/usr/local/texlive/2014/texmf-dist/tex/latex/amsmath/amsmath.sty
Package: amsmath 2013/01/14 v2.14 AMS math features
\@mathmargin=\skip43

For additional information on amsmath, use the `?' option.
(/usr/local/texlive/2014/texmf-dist/tex/latex/amsmath/amstext.sty
Package: amstext 2000/06/29 v2.01

(/usr/local/texlive/2014/texmf-dist/tex/latex/amsmath/amsgen.sty
File: amsgen.sty 1999/11/30 v2.0
\@emptytoks=\toks14
\ex@=\dimen103
))
(/usr/local/texlive/2014/texmf-dist/tex/latex/amsmath/amsbsy.sty
Package: amsbsy 1999/11/29 v1.2d
\pmbraise@=\dimen104
)
(/usr/local/texlive/2014/texmf-dist/tex/latex/amsmath/amsopn.sty
Package: amsopn 1999/12/14 v2.01 operator names
)
\inf@bad=\count87
LaTeX Info: Redefining \frac on input line 210.
\uproot@=\count88
\leftroot@=\count89
LaTeX Info: Redefining \overline on input line 306.
\classnum@=\count90
\DOTSCASE@=\count91
LaTeX Info: Redefining \ldots on input line 378.
LaTeX Info: Redefining \dots on input line 381.
LaTeX Info: Redefining \cdots on input line 466.
\Mathstrutbox@=\box26
\strutbox@=\box27
\big@size=\dimen105
LaTeX Font Info:    Redeclaring font encoding OML on input line 566.
LaTeX Font Info:    Redeclaring font encoding OMS on input line 567.
\macc@depth=\count92
\c@MaxMatrixCols=\count93
\dotsspace@=\muskip10
\c@parentequation=\count94
\dspbrk@lvl=\count95
\tag@help=\toks15
\row@=\count96
\column@=\count97
\maxfields@=\count98
\andhelp@=\toks16
\eqnshift@=\dimen106
\alignsep@=\dimen107
\tagshift@=\dimen108
\tagwidth@=\dimen109
\totwidth@=\dimen110
\lineht@=\dimen111
\@envbody=\toks17
\multlinegap=\skip44
\multlinetaggap=\skip45
\mathdisplay@stack=\toks18
LaTeX Info: Redefining \[ on input line 2665.
LaTeX Info: Redefining \] on input line 2666.
)
(/usr/local/texlive/2014/texmf-dist/tex/latex/amscls/amsthm.sty
Package: amsthm 2004/08/06 v2.20
\thm@style=\toks19
\thm@bodyfont=\toks20
\thm@headfont=\toks21
\thm@notefont=\toks22
\thm@headpunct=\toks23
\thm@preskip=\skip46
\thm@postskip=\skip47
\thm@headsep=\skip48
\dth@everypar=\toks24
)
(/usr/local/texlive/2014/texmf-dist/tex/latex/amsfonts/amsfonts.sty
Package: amsfonts 2013/01/14 v3.01 Basic AMSFonts support
\symAMSa=\mathgroup4
\symAMSb=\mathgroup5
LaTeX Font Info:    Overwriting math alphabet `\mathfrak' in version `bold'
(Font)                  U/euf/m/n --> U/euf/b/n on input line 106.
)
(/usr/local/texlive/2014/texmf-dist/tex/latex/amsfonts/amssymb.sty
Package: amssymb 2013/01/14 v3.01 AMS font symbols
)
(/usr/local/texlive/2014/texmf-dist/tex/latex/jknapltx/mathrsfs.sty
Package: mathrsfs 1996/01/01 Math RSFS package v1.0 (jk)
\symrsfs=\mathgroup6
)
(/usr/local/texlive/2014/texmf-dist/tex/latex/graphics/graphicx.sty
Package: graphicx 2014/04/25 v1.0g Enhanced LaTeX Graphics (DPC,SPQR)

(/usr/local/texlive/2014/texmf-dist/tex/latex/graphics/keyval.sty
Package: keyval 2014/05/08 v1.15 key=value parser (DPC)
\KV@toks@=\toks25
)
(/usr/local/texlive/2014/texmf-dist/tex/latex/graphics/graphics.sty
Package: graphics 2009/02/05 v1.0o Standard LaTeX Graphics (DPC,SPQR)

(/usr/local/texlive/2014/texmf-dist/tex/latex/graphics/trig.sty
Package: trig 1999/03/16 v1.09 sin cos tan (DPC)
)
(/usr/local/texlive/2014/texmf-dist/tex/latex/latexconfig/graphics.cfg
File: graphics.cfg 2010/04/23 v1.9 graphics configuration of TeX Live
)
Package graphics Info: Driver file: pdftex.def on input line 91.

(/usr/local/texlive/2014/texmf-dist/tex/latex/pdftex-def/pdftex.def
File: pdftex.def 2011/05/27 v0.06d Graphics/color for pdfTeX

(/usr/local/texlive/2014/texmf-dist/tex/generic/oberdiek/infwarerr.sty
Package: infwarerr 2010/04/08 v1.3 Providing info/warning/error messages (HO)
)
(/usr/local/texlive/2014/texmf-dist/tex/generic/oberdiek/ltxcmds.sty
Package: ltxcmds 2011/11/09 v1.22 LaTeX kernel commands for general use (HO)
)
\Gread@gobject=\count99
))
\Gin@req@height=\dimen112
\Gin@req@width=\dimen113
)
(/usr/local/texlive/2014/texmf-dist/tex/latex/graphics/epsfig.sty
Package: epsfig 1999/02/16 v1.7a (e)psfig emulation (SPQR)
\epsfxsize=\dimen114
\epsfysize=\dimen115
)
(/usr/local/texlive/2014/texmf-dist/tex/latex/tools/longtable.sty
Package: longtable 2004/02/01 v4.11 Multi-page Table package (DPC)
\LTleft=\skip49
\LTright=\skip50
\LTpre=\skip51
\LTpost=\skip52
\LTchunksize=\count100
\LTcapwidth=\dimen116
\LT@head=\box28
\LT@firsthead=\box29
\LT@foot=\box30
\LT@lastfoot=\box31
\LT@cols=\count101
\LT@rows=\count102
\c@LT@tables=\count103
\c@LT@chunks=\count104
\LT@p@ftn=\toks26
)
(/usr/local/texlive/2014/texmf-dist/tex/latex/tools/indentfirst.sty
Package: indentfirst 1995/11/23 v1.03 Indent first paragraph (DPC)
)
(/usr/local/texlive/2014/texmf-dist/tex/latex/base/inputenc.sty
Package: inputenc 2014/04/30 v1.2b Input encoding file
\inpenc@prehook=\toks27
\inpenc@posthook=\toks28

(/usr/local/texlive/2014/texmf-dist/tex/latex/base/utf8.def
File: utf8.def 2008/04/05 v1.1m UTF-8 support for inputenc
Now handling font encoding OML ...
... no UTF-8 mapping file for font encoding OML
Now handling font encoding T1 ...
... processing UTF-8 mapping file for font encoding T1

(/usr/local/texlive/2014/texmf-dist/tex/latex/base/t1enc.dfu
File: t1enc.dfu 2008/04/05 v1.1m UTF-8 support for inputenc
   defining Unicode char U+00A1 (decimal 161)
   defining Unicode char U+00A3 (decimal 163)
   defining Unicode char U+00AB (decimal 171)
   defining Unicode char U+00BB (decimal 187)
   defining Unicode char U+00BF (decimal 191)
   defining Unicode char U+00C0 (decimal 192)
   defining Unicode char U+00C1 (decimal 193)
   defining Unicode char U+00C2 (decimal 194)
   defining Unicode char U+00C3 (decimal 195)
   defining Unicode char U+00C4 (decimal 196)
   defining Unicode char U+00C5 (decimal 197)
   defining Unicode char U+00C6 (decimal 198)
   defining Unicode char U+00C7 (decimal 199)
   defining Unicode char U+00C8 (decimal 200)
   defining Unicode char U+00C9 (decimal 201)
   defining Unicode char U+00CA (decimal 202)
   defining Unicode char U+00CB (decimal 203)
   defining Unicode char U+00CC (decimal 204)
   defining Unicode char U+00CD (decimal 205)
   defining Unicode char U+00CE (decimal 206)
   defining Unicode char U+00CF (decimal 207)
   defining Unicode char U+00D0 (decimal 208)
   defining Unicode char U+00D1 (decimal 209)
   defining Unicode char U+00D2 (decimal 210)
   defining Unicode char U+00D3 (decimal 211)
   defining Unicode char U+00D4 (decimal 212)
   defining Unicode char U+00D5 (decimal 213)
   defining Unicode char U+00D6 (decimal 214)
   defining Unicode char U+00D8 (decimal 216)
   defining Unicode char U+00D9 (decimal 217)
   defining Unicode char U+00DA (decimal 218)
   defining Unicode char U+00DB (decimal 219)
   defining Unicode char U+00DC (decimal 220)
   defining Unicode char U+00DD (decimal 221)
   defining Unicode char U+00DE (decimal 222)
   defining Unicode char U+00DF (decimal 223)
   defining Unicode char U+00E0 (decimal 224)
   defining Unicode char U+00E1 (decimal 225)
   defining Unicode char U+00E2 (decimal 226)
   defining Unicode char U+00E3 (decimal 227)
   defining Unicode char U+00E4 (decimal 228)
   defining Unicode char U+00E5 (decimal 229)
   defining Unicode char U+00E6 (decimal 230)
   defining Unicode char U+00E7 (decimal 231)
   defining Unicode char U+00E8 (decimal 232)
   defining Unicode char U+00E9 (decimal 233)
   defining Unicode char U+00EA (decimal 234)
   defining Unicode char U+00EB (decimal 235)
   defining Unicode char U+00EC (decimal 236)
   defining Unicode char U+00ED (decimal 237)
   defining Unicode char U+00EE (decimal 238)
   defining Unicode char U+00EF (decimal 239)
   defining Unicode char U+00F0 (decimal 240)
   defining Unicode char U+00F1 (decimal 241)
   defining Unicode char U+00F2 (decimal 242)
   defining Unicode char U+00F3 (decimal 243)
   defining Unicode char U+00F4 (decimal 244)
   defining Unicode char U+00F5 (decimal 245)
   defining Unicode char U+00F6 (decimal 246)
   defining Unicode char U+00F8 (decimal 248)
   defining Unicode char U+00F9 (decimal 249)
   defining Unicode char U+00FA (decimal 250)
   defining Unicode char U+00FB (decimal 251)
   defining Unicode char U+00FC (decimal 252)
   defining Unicode char U+00FD (decimal 253)
   defining Unicode char U+00FE (decimal 254)
   defining Unicode char U+00FF (decimal 255)
   defining Unicode char U+0102 (decimal 258)
   defining Unicode char U+0103 (decimal 259)
   defining Unicode char U+0104 (decimal 260)
   defining Unicode char U+0105 (decimal 261)
   defining Unicode char U+0106 (decimal 262)
   defining Unicode char U+0107 (decimal 263)
   defining Unicode char U+010C (decimal 268)
   defining Unicode char U+010D (decimal 269)
   defining Unicode char U+010E (decimal 270)
   defining Unicode char U+010F (decimal 271)
   defining Unicode char U+0110 (decimal 272)
   defining Unicode char U+0111 (decimal 273)
   defining Unicode char U+0118 (decimal 280)
   defining Unicode char U+0119 (decimal 281)
   defining Unicode char U+011A (decimal 282)
   defining Unicode char U+011B (decimal 283)
   defining Unicode char U+011E (decimal 286)
   defining Unicode char U+011F (decimal 287)
   defining Unicode char U+0130 (decimal 304)
   defining Unicode char U+0131 (decimal 305)
   defining Unicode char U+0132 (decimal 306)
   defining Unicode char U+0133 (decimal 307)
   defining Unicode char U+0139 (decimal 313)
   defining Unicode char U+013A (decimal 314)
   defining Unicode char U+013D (decimal 317)
   defining Unicode char U+013E (decimal 318)
   defining Unicode char U+0141 (decimal 321)
   defining Unicode char U+0142 (decimal 322)
   defining Unicode char U+0143 (decimal 323)
   defining Unicode char U+0144 (decimal 324)
   defining Unicode char U+0147 (decimal 327)
   defining Unicode char U+0148 (decimal 328)
   defining Unicode char U+014A (decimal 330)
   defining Unicode char U+014B (decimal 331)
   defining Unicode char U+0150 (decimal 336)
   defining Unicode char U+0151 (decimal 337)
   defining Unicode char U+0152 (decimal 338)
   defining Unicode char U+0153 (decimal 339)
   defining Unicode char U+0154 (decimal 340)
   defining Unicode char U+0155 (decimal 341)
   defining Unicode char U+0158 (decimal 344)
   defining Unicode char U+0159 (decimal 345)
   defining Unicode char U+015A (decimal 346)
   defining Unicode char U+015B (decimal 347)
   defining Unicode char U+015E (decimal 350)
   defining Unicode char U+015F (decimal 351)
   defining Unicode char U+0160 (decimal 352)
   defining Unicode char U+0161 (decimal 353)
   defining Unicode char U+0162 (decimal 354)
   defining Unicode char U+0163 (decimal 355)
   defining Unicode char U+0164 (decimal 356)
   defining Unicode char U+0165 (decimal 357)
   defining Unicode char U+016E (decimal 366)
   defining Unicode char U+016F (decimal 367)
   defining Unicode char U+0170 (decimal 368)
   defining Unicode char U+0171 (decimal 369)
   defining Unicode char U+0178 (decimal 376)
   defining Unicode char U+0179 (decimal 377)
   defining Unicode char U+017A (decimal 378)
   defining Unicode char U+017B (decimal 379)
   defining Unicode char U+017C (decimal 380)
   defining Unicode char U+017D (decimal 381)
   defining Unicode char U+017E (decimal 382)
   defining Unicode char U+200C (decimal 8204)
   defining Unicode char U+2013 (decimal 8211)
   defining Unicode char U+2014 (decimal 8212)
   defining Unicode char U+2018 (decimal 8216)
   defining Unicode char U+2019 (decimal 8217)
   defining Unicode char U+201A (decimal 8218)
   defining Unicode char U+201C (decimal 8220)
   defining Unicode char U+201D (decimal 8221)
   defining Unicode char U+201E (decimal 8222)
   defining Unicode char U+2030 (decimal 8240)
   defining Unicode char U+2031 (decimal 8241)
   defining Unicode char U+2039 (decimal 8249)
   defining Unicode char U+203A (decimal 8250)
   defining Unicode char U+2423 (decimal 9251)
)
Now handling font encoding OT1 ...
... processing UTF-8 mapping file for font encoding OT1

(/usr/local/texlive/2014/texmf-dist/tex/latex/base/ot1enc.dfu
File: ot1enc.dfu 2008/04/05 v1.1m UTF-8 support for inputenc
   defining Unicode char U+00A1 (decimal 161)
   defining Unicode char U+00A3 (decimal 163)
   defining Unicode char U+00B8 (decimal 184)
   defining Unicode char U+00BF (decimal 191)
   defining Unicode char U+00C5 (decimal 197)
   defining Unicode char U+00C6 (decimal 198)
   defining Unicode char U+00D8 (decimal 216)
   defining Unicode char U+00DF (decimal 223)
   defining Unicode char U+00E6 (decimal 230)
   defining Unicode char U+00EC (decimal 236)
   defining Unicode char U+00ED (decimal 237)
   defining Unicode char U+00EE (decimal 238)
   defining Unicode char U+00EF (decimal 239)
   defining Unicode char U+00F8 (decimal 248)
   defining Unicode char U+0131 (decimal 305)
   defining Unicode char U+0141 (decimal 321)
   defining Unicode char U+0142 (decimal 322)
   defining Unicode char U+0152 (decimal 338)
   defining Unicode char U+0153 (decimal 339)
   defining Unicode char U+2013 (decimal 8211)
   defining Unicode char U+2014 (decimal 8212)
   defining Unicode char U+2018 (decimal 8216)
   defining Unicode char U+2019 (decimal 8217)
   defining Unicode char U+201C (decimal 8220)
   defining Unicode char U+201D (decimal 8221)
)
Now handling font encoding OMS ...
... processing UTF-8 mapping file for font encoding OMS

(/usr/local/texlive/2014/texmf-dist/tex/latex/base/omsenc.dfu
File: omsenc.dfu 2008/04/05 v1.1m UTF-8 support for inputenc
   defining Unicode char U+00A7 (decimal 167)
   defining Unicode char U+00B6 (decimal 182)
   defining Unicode char U+00B7 (decimal 183)
   defining Unicode char U+2020 (decimal 8224)
   defining Unicode char U+2021 (decimal 8225)
   defining Unicode char U+2022 (decimal 8226)
)
Now handling font encoding OMX ...
... no UTF-8 mapping file for font encoding OMX
Now handling font encoding U ...
... no UTF-8 mapping file for font encoding U
   defining Unicode char U+00A9 (decimal 169)
   defining Unicode char U+00AA (decimal 170)
   defining Unicode char U+00AE (decimal 174)
   defining Unicode char U+00BA (decimal 186)
   defining Unicode char U+02C6 (decimal 710)
   defining Unicode char U+02DC (decimal 732)
   defining Unicode char U+200C (decimal 8204)
   defining Unicode char U+2026 (decimal 8230)
   defining Unicode char U+2122 (decimal 8482)
   defining Unicode char U+2423 (decimal 9251)
))
(/usr/local/texlive/2014/texmf-dist/tex/latex/base/fontenc.sty
Package: fontenc 2005/09/27 v1.99g Standard LaTeX package

(/usr/local/texlive/2014/texmf-dist/tex/latex/cyrillic/t2aenc.def
File: t2aenc.def 2005/09/27 v1.0i Cyrillic encoding definition file
Now handling font encoding T2A ...
... processing UTF-8 mapping file for font encoding T2A

(/usr/local/texlive/2014/texmf-dist/tex/latex/base/t2aenc.dfu
File: t2aenc.dfu 2008/04/05 v1.1m UTF-8 support for inputenc
   defining Unicode char U+00A4 (decimal 164)
   defining Unicode char U+00A7 (decimal 167)
   defining Unicode char U+00AB (decimal 171)
   defining Unicode char U+00BB (decimal 187)
   defining Unicode char U+0131 (decimal 305)
   defining Unicode char U+0400 (decimal 1024)
   defining Unicode char U+0401 (decimal 1025)
   defining Unicode char U+0402 (decimal 1026)
   defining Unicode char U+0403 (decimal 1027)
   defining Unicode char U+0404 (decimal 1028)
   defining Unicode char U+0405 (decimal 1029)
   defining Unicode char U+0406 (decimal 1030)
   defining Unicode char U+0407 (decimal 1031)
   defining Unicode char U+0408 (decimal 1032)
   defining Unicode char U+0409 (decimal 1033)
   defining Unicode char U+040A (decimal 1034)
   defining Unicode char U+040B (decimal 1035)
   defining Unicode char U+040C (decimal 1036)
   defining Unicode char U+040D (decimal 1037)
   defining Unicode char U+040E (decimal 1038)
   defining Unicode char U+040F (decimal 1039)
   defining Unicode char U+0410 (decimal 1040)
   defining Unicode char U+0411 (decimal 1041)
   defining Unicode char U+0412 (decimal 1042)
   defining Unicode char U+0413 (decimal 1043)
   defining Unicode char U+0414 (decimal 1044)
   defining Unicode char U+0415 (decimal 1045)
   defining Unicode char U+0416 (decimal 1046)
   defining Unicode char U+0417 (decimal 1047)
   defining Unicode char U+0418 (decimal 1048)
   defining Unicode char U+0419 (decimal 1049)
   defining Unicode char U+041A (decimal 1050)
   defining Unicode char U+041B (decimal 1051)
   defining Unicode char U+041C (decimal 1052)
   defining Unicode char U+041D (decimal 1053)
   defining Unicode char U+041E (decimal 1054)
   defining Unicode char U+041F (decimal 1055)
   defining Unicode char U+0420 (decimal 1056)
   defining Unicode char U+0421 (decimal 1057)
   defining Unicode char U+0422 (decimal 1058)
   defining Unicode char U+0423 (decimal 1059)
   defining Unicode char U+0424 (decimal 1060)
   defining Unicode char U+0425 (decimal 1061)
   defining Unicode char U+0426 (decimal 1062)
   defining Unicode char U+0427 (decimal 1063)
   defining Unicode char U+0428 (decimal 1064)
   defining Unicode char U+0429 (decimal 1065)
   defining Unicode char U+042A (decimal 1066)
   defining Unicode char U+042B (decimal 1067)
   defining Unicode char U+042C (decimal 1068)
   defining Unicode char U+042D (decimal 1069)
   defining Unicode char U+042E (decimal 1070)
   defining Unicode char U+042F (decimal 1071)
   defining Unicode char U+0430 (decimal 1072)
   defining Unicode char U+0431 (decimal 1073)
   defining Unicode char U+0432 (decimal 1074)
   defining Unicode char U+0433 (decimal 1075)
   defining Unicode char U+0434 (decimal 1076)
   defining Unicode char U+0435 (decimal 1077)
   defining Unicode char U+0436 (decimal 1078)
   defining Unicode char U+0437 (decimal 1079)
   defining Unicode char U+0438 (decimal 1080)
   defining Unicode char U+0439 (decimal 1081)
   defining Unicode char U+043A (decimal 1082)
   defining Unicode char U+043B (decimal 1083)
   defining Unicode char U+043C (decimal 1084)
   defining Unicode char U+043D (decimal 1085)
   defining Unicode char U+043E (decimal 1086)
   defining Unicode char U+043F (decimal 1087)
   defining Unicode char U+0440 (decimal 1088)
   defining Unicode char U+0441 (decimal 1089)
   defining Unicode char U+0442 (decimal 1090)
   defining Unicode char U+0443 (decimal 1091)
   defining Unicode char U+0444 (decimal 1092)
   defining Unicode char U+0445 (decimal 1093)
   defining Unicode char U+0446 (decimal 1094)
   defining Unicode char U+0447 (decimal 1095)
   defining Unicode char U+0448 (decimal 1096)
   defining Unicode char U+0449 (decimal 1097)
   defining Unicode char U+044A (decimal 1098)
   defining Unicode char U+044B (decimal 1099)
   defining Unicode char U+044C (decimal 1100)
   defining Unicode char U+044D (decimal 1101)
   defining Unicode char U+044E (decimal 1102)
   defining Unicode char U+044F (decimal 1103)
   defining Unicode char U+0450 (decimal 1104)
   defining Unicode char U+0451 (decimal 1105)
   defining Unicode char U+0452 (decimal 1106)
   defining Unicode char U+0453 (decimal 1107)
   defining Unicode char U+0454 (decimal 1108)
   defining Unicode char U+0455 (decimal 1109)
   defining Unicode char U+0456 (decimal 1110)
   defining Unicode char U+0457 (decimal 1111)
   defining Unicode char U+0458 (decimal 1112)
   defining Unicode char U+0459 (decimal 1113)
   defining Unicode char U+045A (decimal 1114)
   defining Unicode char U+045B (decimal 1115)
   defining Unicode char U+045C (decimal 1116)
   defining Unicode char U+045D (decimal 1117)
   defining Unicode char U+045E (decimal 1118)
   defining Unicode char U+045F (decimal 1119)
   defining Unicode char U+0490 (decimal 1168)
   defining Unicode char U+0491 (decimal 1169)
   defining Unicode char U+0492 (decimal 1170)
   defining Unicode char U+0493 (decimal 1171)
   defining Unicode char U+0496 (decimal 1174)
   defining Unicode char U+0497 (decimal 1175)
   defining Unicode char U+0498 (decimal 1176)
   defining Unicode char U+0499 (decimal 1177)
   defining Unicode char U+049A (decimal 1178)
   defining Unicode char U+049B (decimal 1179)
   defining Unicode char U+049C (decimal 1180)
   defining Unicode char U+049D (decimal 1181)
   defining Unicode char U+04A0 (decimal 1184)
   defining Unicode char U+04A1 (decimal 1185)
   defining Unicode char U+04A2 (decimal 1186)
   defining Unicode char U+04A3 (decimal 1187)
   defining Unicode char U+04A4 (decimal 1188)
   defining Unicode char U+04A5 (decimal 1189)
   defining Unicode char U+04AA (decimal 1194)
   defining Unicode char U+04AB (decimal 1195)
   defining Unicode char U+04AE (decimal 1198)
   defining Unicode char U+04AF (decimal 1199)
   defining Unicode char U+04B0 (decimal 1200)
   defining Unicode char U+04B1 (decimal 1201)
   defining Unicode char U+04B2 (decimal 1202)
   defining Unicode char U+04B3 (decimal 1203)
   defining Unicode char U+04B6 (decimal 1206)
   defining Unicode char U+04B7 (decimal 1207)
   defining Unicode char U+04B8 (decimal 1208)
   defining Unicode char U+04B9 (decimal 1209)
   defining Unicode char U+04BA (decimal 1210)
   defining Unicode char U+04BB (decimal 1211)
   defining Unicode char U+04C0 (decimal 1216)
   defining Unicode char U+04C1 (decimal 1217)
   defining Unicode char U+04C2 (decimal 1218)
   defining Unicode char U+04D0 (decimal 1232)
   defining Unicode char U+04D1 (decimal 1233)
   defining Unicode char U+04D2 (decimal 1234)
   defining Unicode char U+04D3 (decimal 1235)
   defining Unicode char U+04D4 (decimal 1236)
   defining Unicode char U+04D5 (decimal 1237)
   defining Unicode char U+04D6 (decimal 1238)
   defining Unicode char U+04D7 (decimal 1239)
   defining Unicode char U+04D8 (decimal 1240)
   defining Unicode char U+04D9 (decimal 1241)
   defining Unicode char U+04DA (decimal 1242)
   defining Unicode char U+04DB (decimal 1243)
   defining Unicode char U+04DC (decimal 1244)
   defining Unicode char U+04DD (decimal 1245)
   defining Unicode char U+04DE (decimal 1246)
   defining Unicode char U+04DF (decimal 1247)
   defining Unicode char U+04E2 (decimal 1250)
   defining Unicode char U+04E3 (decimal 1251)
   defining Unicode char U+04E4 (decimal 1252)
   defining Unicode char U+04E5 (decimal 1253)
   defining Unicode char U+04E6 (decimal 1254)
   defining Unicode char U+04E7 (decimal 1255)
   defining Unicode char U+04E8 (decimal 1256)
   defining Unicode char U+04E9 (decimal 1257)
   defining Unicode char U+04EC (decimal 1260)
   defining Unicode char U+04ED (decimal 1261)
   defining Unicode char U+04EE (decimal 1262)
   defining Unicode char U+04EF (decimal 1263)
   defining Unicode char U+04F0 (decimal 1264)
   defining Unicode char U+04F1 (decimal 1265)
   defining Unicode char U+04F2 (decimal 1266)
   defining Unicode char U+04F3 (decimal 1267)
   defining Unicode char U+04F4 (decimal 1268)
   defining Unicode char U+04F5 (decimal 1269)
   defining Unicode char U+04F8 (decimal 1272)
   defining Unicode char U+04F9 (decimal 1273)
   defining Unicode char U+200C (decimal 8204)
   defining Unicode char U+2013 (decimal 8211)
   defining Unicode char U+2014 (decimal 8212)
   defining Unicode char U+2018 (decimal 8216)
   defining Unicode char U+2019 (decimal 8217)
   defining Unicode char U+201C (decimal 8220)
   defining Unicode char U+201D (decimal 8221)
   defining Unicode char U+201E (decimal 8222)
   defining Unicode char U+2030 (decimal 8240)
   defining Unicode char U+2031 (decimal 8241)
   defining Unicode char U+2116 (decimal 8470)
   defining Unicode char U+2329 (decimal 9001)
   defining Unicode char U+232A (decimal 9002)
   defining Unicode char U+2423 (decimal 9251)
))
LaTeX Font Info:    Try loading font information for T2A+cmr on input line 100.


(/usr/local/texlive/2014/texmf-dist/tex/latex/cyrillic/t2acmr.fd
File: t2acmr.fd 2001/08/11 v1.0a Computer Modern Cyrillic font definitions
))
(/usr/local/texlive/2014/texmf-dist/tex/generic/babel/babel.sty
Package: babel 2014/03/24 3.9k The Babel package

(/usr/local/texlive/2014/texmf-dist/tex/generic/babel-russian/russianb.ldf
Language: russian 2013/04/13 1.3a Russian support from the babel system

(/usr/local/texlive/2014/texmf-dist/tex/generic/babel/babel.def
File: babel.def 2014/03/24 3.9k Babel common definitions
\babel@savecnt=\count105
\U@D=\dimen117
)
Package babel Info: Making " an active character on input line 147.
)
(/usr/local/texlive/2014/texmf-dist/tex/generic/babel-english/english.ldf
Language: english 2012/08/20 v3.3p English support from the babel system
\l@canadian = a dialect from \language\l@american 
\l@australian = a dialect from \language\l@british 
\l@newzealand = a dialect from \language\l@british 
))
(/usr/local/texlive/2014/texmf-dist/tex/latex/graphics/color.sty
Package: color 2014/04/23 v1.1a Standard LaTeX Color (DPC)

(/usr/local/texlive/2014/texmf-dist/tex/latex/latexconfig/color.cfg
File: color.cfg 2007/01/18 v1.5 color configuration of teTeX/TeXLive
)
Package color Info: Driver file: pdftex.def on input line 137.
)
(/usr/local/texlive/2014/texmf-dist/tex/latex/esint/esint.sty
Package: esint 
\symlargesymbolsA=\mathgroup7
)
(/usr/local/texlive/2014/texmf-dist/tex/latex/bbm-macros/bbm.sty
Package: bbm 1999/03/15 V 1.2 provides fonts for set symbols - TH
LaTeX Font Info:    Overwriting math alphabet `\mathbbm' in version `bold'
(Font)                  U/bbm/m/n --> U/bbm/bx/n on input line 33.
LaTeX Font Info:    Overwriting math alphabet `\mathbbmss' in version `bold'
(Font)                  U/bbmss/m/n --> U/bbmss/bx/n on input line 35.
)
(./styles/mystyle.sty)
(/usr/local/texlive/2014/texmf-dist/tex/latex/wasysym/wasysym.sty
Package: wasysym 2003/10/30 v2.0 Wasy-2 symbol support package
\symwasy=\mathgroup8
LaTeX Font Info:    Overwriting symbol font `wasy' in version `bold'
(Font)                  U/wasy/m/n --> U/wasy/b/n on input line 90.
)
(/usr/local/texlive/2014/texmf-dist/tex/latex/tools/verbatim.sty
Package: verbatim 2003/08/22 v1.5q LaTeX2e package for verbatim enhancements
\every@verbatim=\toks29
\verbatim@line=\toks30
\verbatim@in@stream=\read1
)
\c@problem=\count106
\c@theorem=\count107

(/usr/local/texlive/2014/texmf-dist/tex/latex/enumitem/enumitem.sty
Package: enumitem 2011/09/28 v3.5.2 Customized lists
\labelindent=\skip53
\enit@outerparindent=\dimen118
\enit@toks=\toks31
\enit@inbox=\box32
\enitdp@description=\count108
)
(/usr/local/texlive/2014/texmf-dist/tex/latex/ncctools/watermark.sty
Package: watermark 2004/12/09 v1.1 Watermarks (NCC)
)
(/usr/local/texlive/2014/texmf-dist/tex/latex/url/url.sty
\Urlmuskip=\muskip11
Package: url 2013/09/16  ver 3.4  Verb mode for urls, etc.
) (./main_part_2.aux
(./abstract.aux) (./introduction.aux) (./designations.aux)
(./standart/bayes.aux) (./measure_concentration.aux) (./information.aux)
(./algorithms.aux) (./geometric_probability.aux) (./stats1.aux)
(./bibliography.aux))
\openout1 = `main_part_2.aux'.

LaTeX Font Info:    Checking defaults for OML/cmm/m/it on input line 152.
LaTeX Font Info:    ... okay on input line 152.
LaTeX Font Info:    Checking defaults for T1/cmr/m/n on input line 152.
LaTeX Font Info:    ... okay on input line 152.
LaTeX Font Info:    Checking defaults for OT1/cmr/m/n on input line 152.
LaTeX Font Info:    ... okay on input line 152.
LaTeX Font Info:    Checking defaults for OMS/cmsy/m/n on input line 152.
LaTeX Font Info:    ... okay on input line 152.
LaTeX Font Info:    Checking defaults for OMX/cmex/m/n on input line 152.
LaTeX Font Info:    ... okay on input line 152.
LaTeX Font Info:    Checking defaults for U/cmr/m/n on input line 152.
LaTeX Font Info:    ... okay on input line 152.
LaTeX Font Info:    Checking defaults for T2A/cmr/m/n on input line 152.
LaTeX Font Info:    ... okay on input line 152.

(/usr/local/texlive/2014/texmf-dist/tex/context/base/supp-pdf.mkii
[Loading MPS to PDF converter (version 2006.09.02).]
\scratchcounter=\count109
\scratchdimen=\dimen119
\scratchbox=\box33
\nofMPsegments=\count110
\nofMParguments=\count111
\everyMPshowfont=\toks32
\MPscratchCnt=\count112
\MPscratchDim=\dimen120
\MPnumerator=\count113
\makeMPintoPDFobject=\count114
\everyMPtoPDFconversion=\toks33
) (/usr/local/texlive/2014/texmf-dist/tex/generic/oberdiek/pdftexcmds.sty
Package: pdftexcmds 2011/11/29 v0.20 Utility functions of pdfTeX for LuaTeX (HO
)

(/usr/local/texlive/2014/texmf-dist/tex/generic/oberdiek/ifluatex.sty
Package: ifluatex 2010/03/01 v1.3 Provides the ifluatex switch (HO)
Package ifluatex Info: LuaTeX not detected.
)
(/usr/local/texlive/2014/texmf-dist/tex/generic/oberdiek/ifpdf.sty
Package: ifpdf 2011/01/30 v2.3 Provides the ifpdf switch (HO)
Package ifpdf Info: pdfTeX in PDF mode is detected.
)
Package pdftexcmds Info: LuaTeX not detected.
Package pdftexcmds Info: \pdf@primitive is available.
Package pdftexcmds Info: \pdf@ifprimitive is available.
Package pdftexcmds Info: \pdfdraftmode found.
)
(/usr/local/texlive/2014/texmf-dist/tex/latex/oberdiek/epstopdf-base.sty
Package: epstopdf-base 2010/02/09 v2.5 Base part for package epstopdf

(/usr/local/texlive/2014/texmf-dist/tex/latex/oberdiek/grfext.sty
Package: grfext 2010/08/19 v1.1 Manage graphics extensions (HO)

(/usr/local/texlive/2014/texmf-dist/tex/generic/oberdiek/kvdefinekeys.sty
Package: kvdefinekeys 2011/04/07 v1.3 Define keys (HO)
))
(/usr/local/texlive/2014/texmf-dist/tex/latex/oberdiek/kvoptions.sty
Package: kvoptions 2011/06/30 v3.11 Key value format for package options (HO)

(/usr/local/texlive/2014/texmf-dist/tex/generic/oberdiek/kvsetkeys.sty
Package: kvsetkeys 2012/04/25 v1.16 Key value parser (HO)

(/usr/local/texlive/2014/texmf-dist/tex/generic/oberdiek/etexcmds.sty
Package: etexcmds 2011/02/16 v1.5 Avoid name clashes with e-TeX commands (HO)
Package etexcmds Info: Could not find \expanded.
(etexcmds)             That can mean that you are not using pdfTeX 1.50 or
(etexcmds)             that some package has redefined \expanded.
(etexcmds)             In the latter case, load this package earlier.
)))
Package grfext Info: Graphics extension search list:
(grfext)             [.png,.pdf,.jpg,.mps,.jpeg,.jbig2,.jb2,.PNG,.PDF,.JPG,.JPE
G,.JBIG2,.JB2,.eps]
(grfext)             \AppendGraphicsExtensions on input line 452.

(/usr/local/texlive/2014/texmf-dist/tex/latex/latexconfig/epstopdf-sys.cfg
File: epstopdf-sys.cfg 2010/07/13 v1.3 Configuration of (r)epstopdf for TeX Liv
e
))
(./title.tex
LaTeX Font Info:    Try loading font information for U+msa on input line 9.
 (/usr/local/texlive/2014/texmf-dist/tex/latex/amsfonts/umsa.fd
File: umsa.fd 2013/01/14 v3.01 AMS symbols A
)
LaTeX Font Info:    Try loading font information for U+msb on input line 9.

(/usr/local/texlive/2014/texmf-dist/tex/latex/amsfonts/umsb.fd
File: umsb.fd 2013/01/14 v3.01 AMS symbols B
)
LaTeX Font Info:    Try loading font information for U+rsfs on input line 9.

(/usr/local/texlive/2014/texmf-dist/tex/latex/jknapltx/ursfs.fd
File: ursfs.fd 1998/03/24 rsfs font definition file (jk)
)
LaTeX Font Info:    Try loading font information for U+esint on input line 9.

(/usr/local/texlive/2014/texmf-dist/tex/latex/esint/uesint.fd
File: uesint.fd 
)
LaTeX Font Info:    Try loading font information for U+wasy on input line 9.

(/usr/local/texlive/2014/texmf-dist/tex/latex/wasysym/uwasy.fd
File: uwasy.fd 2003/10/30 v2.0 Wasy-2 symbol font definitions
)
<images/guk.jpg, id=1, 614.80394pt x 585.28522pt>
File: images/guk.jpg Graphic file (type jpg)
 <use images/guk.jpg>
Package pdftex.def Info: images/guk.jpg used on input line 41.
(pdftex.def)             Requested size: 491.84383pt x 468.2288pt.
 [1

{/usr/local/texlive/2014/texmf-var/fonts/map/pdftex/updmap/pdftex.map} <./image
s/guk.jpg>])
\openout2 = `abstract.aux'.

 (./abstract.tex
Underfull \hbox (badness 10000) in paragraph at lines 5--6

 []


Underfull \hbox (badness 10000) in paragraph at lines 5--6

 []


Underfull \hbox (badness 10000) in paragraph at lines 9--10

 []


Underfull \hbox (badness 1990) in paragraph at lines 13--14
\T2A/cmr/m/n/9 ин-сти-ту-та. За-да-чи мо-гут быть ис-поль-зо-ва-ны в ка-че-стве

 []


Underfull \hbox (badness 10000) in paragraph at lines 15--16

 []


Underfull \hbox (badness 10000) in paragraph at lines 15--16

 []


Underfull \hbox (badness 10000) in paragraph at lines 15--16

 []


Underfull \hbox (badness 10000) in paragraph at lines 15--16

 []

[2

])
\openout2 = `introduction.aux'.

 (./introduction.tex [3


]
Underfull \hbox (badness 1776) in paragraph at lines 47--49
[]\T2A/cmr/m/n/10 Прежде все-го, это вы-зва-но ши-ро-ким рас-про-стра-не-ни-ем 
за-
 []


Underfull \hbox (badness 1112) in paragraph at lines 47--49
\T2A/cmr/m/n/10 дач ана-ли-за боль-ших мас-си-вов дан-ных (machine learning, da
ta
 []

[4])
Overfull \hbox (0.69756pt too wide) in paragraph at lines 61--163
\T2A/cmr/m/n/10 поль-ской, М.Л. Блан-ку, Н.Д. Вве-ден-ской, В.В. Ве-де-ня-пи-ну
, Д.П. Вет-
 []

[5] [6]
\openout2 = `designations.aux'.

 (./designations.tex [7


]) [8] (./main_part_2.toc)
\tf@toc=\write3
\openout3 = `main_part_2.toc'.

 [1

]
\openout2 = `standart/bayes.aux'.


(./standart/bayes.tex <images/bayes1.png, id=50, 1003.75pt x 595.22375pt>
File: images/bayes1.png Graphic file (type png)

<use images/bayes1.png>
Package pdftex.def Info: images/bayes1.png used on input line 6.
(pdftex.def)             Requested size: 142.26378pt x 84.35706pt.
 [2

 <./images/bayes1.png>]
<images/bayes3.png, id=55, 1112.155pt x 785.93625pt>
File: images/bayes3.png Graphic file (type png)
 <use images/bayes3.png>
Package pdftex.def Info: images/bayes3.png used on input line 42.
(pdftex.def)             Requested size: 170.71652pt x 120.6316pt.

[3 <./images/bayes3.png>]
Overfull \hbox (9.93132pt too wide) detected at line 90
\OML/cmm/m/it/10 f[]\OT1/cmr/m/n/10 (\OML/cmm/m/it/10 x[]; [] ; x[]\OT1/cmr/m/n
/10 ) = []\OML/cmm/m/it/10 x[] [] x[]\OT1/cmr/m/n/10 (1 \OMS/cmsy/m/n/10 ^^@ \O
ML/cmm/m/it/10 x[] \OMS/cmsy/m/n/10 ^^@ [] ^^@ \OML/cmm/m/it/10 x[]\OT1/cmr/m/n
/10 )[]\OML/cmm/m/it/10 ;
 []

[4]

LaTeX Warning: Reference `sec:ordered_seq' on page 5 undefined on input line 11
3.


LaTeX Warning: Reference `standart' on page 5 undefined on input line 113.

[5] [6] [7] [8] [9] <images/model.pdf, id=80, 602.25pt x 451.6875pt>
File: images/model.pdf Graphic file (type pdf)

<use images/model.pdf>
Package pdftex.def Info: images/model.pdf used on input line 272.
(pdftex.def)             Requested size: 227.62204pt x 170.71947pt.
 [10 <./images/model.pdf>]
<images/DP.pdf, id=116, 722.7pt x 542.025pt>
File: images/DP.pdf Graphic file (type pdf)
 <use images/DP.pdf>
Package pdftex.def Info: images/DP.pdf used on input line 327.
(pdftex.def)             Requested size: 170.71652pt x 128.03754pt.


LaTeX Warning: `!h' float specifier changed to `!ht'.

[11] [12 <./images/DP.pdf>] [13] [14] [15] [16]
Overfull \hbox (24.38704pt too wide) detected at line 559
\OML/cmm/m/it/10 ^^^[] \OMS/cmsy/m/n/10 / [][] \OML/cmm/m/it/10 ;  ^^R[] \OMS/c
msy/m/n/10 / [][] \OML/cmm/m/it/10 :
 []

[17] [18]) [19]
\openout2 = `measure_concentration.aux'.

 (./measure_concentration.tex

LaTeX Warning: Reference `laplas' on page 20 undefined on input line 38.


LaTeX Warning: Reference `genF' on page 20 undefined on input line 38.


Underfull \hbox (badness 1742) in paragraph at lines 55--56
\T2A/cmr/m/n/10 ко-мить-ся с кни-гой Зо-рич В.А. Ма-те-ма-ти-че-ский ана-лиз за
-дач
 []

[20


] [21] [22] [23] [24] [25]
Overfull \hbox (17.47379pt too wide) detected at line 262
\U/msb/m/n/10 P [] \OMS/cmsy/m/n/10 ^^T \OML/cmm/m/it/10 K [] [] ;
 []

[26] [27]

LaTeX Warning: Reference `sec:erdRenyi' on page 28 undefined on input line 354.



LaTeX Warning: Reference `hard' on page 28 undefined on input line 354.

[28]

LaTeX Warning: Reference `hard' on page 29 undefined on input line 363.


LaTeX Warning: Reference `sec:erdRenyi' on page 29 undefined on input line 363.


[29] [30] [31] <krein.pdf, id=202, 963.6pt x 722.7pt>
File: krein.pdf Graphic file (type pdf)
 <use krein.pdf>
Package pdftex.def Info: krein.pdf used on input line 493.
(pdftex.def)             Requested size: 284.52756pt x 213.39314pt.
 [32 <./krein.pdf>] [33] [34] [35] [36] [37] [38] [39]

LaTeX Warning: Reference `sec:doob' on page 40 undefined on input line 802.


LaTeX Warning: Reference `hard' on page 40 undefined on input line 802.


LaTeX Warning: Reference `sec:doob' on page 40 undefined on input line 805.


LaTeX Warning: Reference `hard' on page 40 undefined on input line 805.

[40] [41] [42]
Overfull \hbox (14.49132pt too wide) in paragraph at lines 932--935
\T2A/cmr/m/n/10 для неко-то-ро-го $\OML/cmm/m/it/10 a > \OT1/cmr/m/n/10 0$ \T2A
/cmr/m/n/10 и $\U/msb/m/n/10 E[]\OML/cmm/m/it/10 Y[] \OMS/cmsy/m/n/10 ^^U \OT1/
cmr/m/n/10 0$\T2A/cmr/m/n/10 , где $\U/msb/m/n/10 E[]\OML/cmm/m/it/10 X \OT1/cm
r/m/n/10 = \U/msb/m/n/10 E[]\OT1/cmr/m/n/10 [\OML/cmm/m/it/10 X\OMS/cmsy/m/n/10
 j\OML/cmm/m/it/10 X[]; [] ; X[]; X[]; X[]\OT1/cmr/m/n/10 ]$\T2A/cmr/m/n/10 .
 []


Underfull \hbox (badness 1406) in paragraph at lines 956--957
[]\T2A/cmr/m/n/10 См. так-же кни-гу St^^Aephane Boucheron, G^^Aabor Lugosi, Pas
cal
 []


Underfull \hbox (badness 1502) in paragraph at lines 956--957
\T2A/cmr/m/n/10 Massart <<Concentration Inequalities: A Nonasymptotic Theory of

 []

[43]

pdfTeX warning: /usr/texbin/pdflatex (file ./images/voron_kl.pdf): PDF inclusio
n: found PDF version <1.6>, but at most version <1.5> allowed
<images/voron_kl.pdf, id=248, 334.1604pt x 102.2136pt>
File: images/voron_kl.pdf Graphic file (type pdf)

<use images/voron_kl.pdf>
Package pdftex.def Info: images/voron_kl.pdf used on input line 994.
(pdftex.def)             Requested size: 312.9803pt x 95.73453pt.

Overfull \hbox (5.58885pt too wide) in paragraph at lines 993--995
[]\T2A/cmr/bx/n/10 Pасстояние Кульбака--Лейблер\T2A/cmr/m/n/10 а $[]\OT1/cmr/m/
n/10 (\OML/cmm/m/it/10 P\OMS/cmsy/m/n/10 k\OML/cmm/m/it/10 Q\OT1/cmr/m/n/10 )$ 
\T2A/cmr/m/n/10 ха-рак-те-ри-зу-ет ``вло-
 []

[44 <./images/voron_kl.pdf>] [45]
LaTeX Font Info:    Try loading font information for OMS+cmr on input line 1115
.

(/usr/local/texlive/2014/texmf-dist/tex/latex/base/omscmr.fd
File: omscmr.fd 1999/05/25 v2.5h Standard LaTeX font definitions
)
LaTeX Font Info:    Font shape `OMS/cmr/m/n' in size <10> not available
(Font)              Font shape `OMS/cmsy/m/n' tried instead on input line 1115.

 [46]
Overfull \hbox (6.48131pt too wide) in paragraph at lines 1134--1135
[]\T2A/cmr/m/n/10 Пусть $\OML/cmm/m/it/10 X[]$\T2A/cmr/m/n/10 ,
 []

[47] [48]
Underfull \hbox (badness 1496) in paragraph at lines 1186--1187
[]\T2A/cmr/m/n/10 Убедитесь, что до-ка-за-тель-ство то-го, что $\OML/cmm/m/it/1
0 W$ \T2A/cmr/m/n/10 яв-ля-ет-ся $\OML/cmm/m/it/10 "$\T2A/cmr/m/n/10 -
 []


Overfull \hbox (13.92361pt too wide) in paragraph at lines 1195--1197
[]\T2A/cmr/m/n/10 Воспользуйтесь сле-ду-ю-щим фак-том (см. тео-ре-му 2.1 из Bou
cheron
 []

[49] [50]) [51]
\openout2 = `information.aux'.

 (./information.tex [52


] [53] [54]

LaTeX Warning: Command \cyre invalid in math mode on input line 160.

Missing character: There is no е in font cmr10!
[55] [56] [57] [58]
Overfull \hbox (0.35469pt too wide) in paragraph at lines 404--405
[]\T2A/cmr/bx/n/10 Замечание. []\T2A/cmr/m/n/10 См. мо-но-гра-фию Lugoshi G., C
esa-Bianchi N. Prediction,
 []

[59] [60]
Underfull \hbox (badness 1127) in paragraph at lines 460--461
[]\T2A/cmr/bx/n/10 Указание. []\T2A/cmr/m/n/10 См. S. Bubeck, N. Cesa-Bianchi. 
Regret Analysis of
 []


Overfull \hbox (14.91849pt too wide) in paragraph at lines 460--461
\T2A/cmr/m/n/10 Stochastic and Nonstochastic Multi-armed Bandit Problems. In Fo
undations
 []

[61]
Overfull \hbox (1.1748pt too wide) in paragraph at lines 532--533
[]\T2A/cmr/bx/n/10 Замечание. []\T2A/cmr/m/n/10 Ве-ли-чи-на $\OML/cmm/m/it/10 H
\OT1/cmr/m/n/10 (\OML/cmm/m/it/10 P; Q\OT1/cmr/m/n/10 ) = \OMS/cmsy/m/n/10 ^^@ 
[][] \OML/cmm/m/it/10 p\OT1/cmr/m/n/10 (\OML/cmm/m/it/10 a\OT1/cmr/m/n/10 ) [][
] \OML/cmm/m/it/10 p\OT1/cmr/m/n/10 (\OML/cmm/m/it/10 a; b\OT1/cmr/m/n/10 ) [] 
\OML/cmm/m/it/10 p\OT1/cmr/m/n/10 (\OML/cmm/m/it/10 a; b\OT1/cmr/m/n/10 )$
 []

) [62]
\openout2 = `algorithms.aux'.

 (./algorithms.tex
Overfull \hbox (19.81212pt too wide) in paragraph at lines 1--1
[]\T2A/cmr/bx/n/14.4 Вероятностные ме-то-ды в Computer Science 
 []

[63


] [64] [65] [66] [67]
Underfull \hbox (badness 1112) in paragraph at lines 168--169
[]\T2A/cmr/m/n/10 рекуррентно по-лу-чи-те нера-вен-ство $\U/msb/m/n/10 E\OML/cm
m/m/it/10 Z \OMS/cmsy/m/n/10 ^^U \U/msb/m/n/10 E\OML/cmm/m/it/10 Z\OT1/cmr/m/n/
10 (\OML/cmm/m/it/10 x\OMS/cmsy/m/n/10 j\OML/cmm/m/it/10 x[] \OT1/cmr/m/n/10 =
 []


Overfull \hbox (3.79799pt too wide) in paragraph at lines 176--177
[]$\U/msb/m/n/10 E\OML/cmm/m/it/10 Z \OT1/cmr/m/n/10 = [][] \U/msb/m/n/10 P[]$\
T2A/cmr/m/n/10 , где $\U/msb/m/n/10 P[] \OT1/cmr/m/n/10 = \U/msb/m/n/10 P [] \O
T1/cmr/m/n/10 ;$ 
 []

[68]
Overfull \hbox (1.55812pt too wide) in paragraph at lines 218--219
[]\T2A/cmr/m/n/10 При этом необ-хо-ди-мое ко-ли-че-ство пе-ре-дан-ных бит рав-н
о $\OML/cmm/m/it/10 O []$\T2A/cmr/m/n/10 . 
 []

[69] [70] [71] [72]
LaTeX Font Info:    Try loading font information for T2A+cmtt on input line 392
.

(/usr/local/texlive/2014/texmf-dist/tex/latex/cyrillic/t2acmtt.fd
File: t2acmtt.fd 2001/08/11 v1.0a Computer Modern Cyrillic font definitions
)
<images/bf.png, id=365, 361.35pt x 129.48375pt>
File: images/bf.png Graphic file (type png)
 <use images/bf.png>
Package pdftex.def Info: images/bf.png used on input line 404.
(pdftex.def)             Requested size: 227.62204pt x 81.56529pt.
 [73 <./images/bf.png>]
Underfull \hbox (badness 1400) in paragraph at lines 421--422
[]\T2A/cmr/m/n/10 Сложность опе-ра-ций []\T2A/cmtt/m/n/10 contains \T2A/cmr/m/n
/10 и []\T2A/cmtt/m/n/10 add_element \T2A/cmr/m/n/10 со-став-ля-ет
 []


Overfull \hbox (4.85875pt too wide) in paragraph at lines 431--432
\T2A/cmr/m/n/10 лять срав-ни-тель-но быст-рые опе-ра-ции чте-ния/записи/удалени
я струк-
 []


Underfull \hbox (badness 1163) in paragraph at lines 442--444
\T2A/cmr/m/n/10 Типичными пред-ста-ви-те-ля-ми та-ких мно-жеств яв-ля-ют-ся спи
с-ки
 []

[74]
Underfull \hbox (badness 1783) in paragraph at lines 453--454
[]\T2A/cmr/m/n/10 Обозначим за $\OML/cmm/m/it/10 h[]\OT1/cmr/m/n/10 (\OML/cmm/m
/it/10 S\OT1/cmr/m/n/10 )$ \T2A/cmr/m/n/10 под-мно-же-ство $\OML/cmm/m/it/10 S$
 \T2A/cmr/m/n/10 из $\OML/cmm/m/it/10 k$ \T2A/cmr/m/n/10 эле-мен-
 []

[75] [76] [77] [78] [79]
Underfull \hbox (badness 1127) in paragraph at lines 695--696
[]\T2A/cmr/bx/n/10 Указание. []\T2A/cmr/m/n/10 См. S. Bubeck, N. Cesa-Bianchi. 
Regret Analysis of
 []


Overfull \hbox (3.75455pt too wide) in paragraph at lines 695--696
\T2A/cmr/m/n/10 Stochastic and Nonstochastic Multi-armed Bandit Problems. In Fo
undati-
 []

[80]
Overfull \hbox (6.39574pt too wide) in paragraph at lines 727--730
[]\T2A/cmr/bx/n/10 Указание. []\T2A/cmr/m/n/10 Что-бы при-ме-нить тео-ре-му за-
ме-тим, что функ-ция $\OML/cmm/m/it/10 ^^U []$
 []

[81]) [82]
\openout2 = `geometric_probability.aux'.

 (./geometric_probability.tex [83


]
Underfull \hbox (badness 1189) in paragraph at lines 67--70
[]\T2A/cmr/bx/n/10 Замечание. []\T2A/cmr/m/n/10 Обо-зна-чим че-рез $\OML/cmm/m/
it/10 S[]$ $k$\T2A/cmr/m/n/10 -мерный объ-ем ор-то-го-наль-
 []

[84]

LaTeX Warning: Reference `sec:poisson' on page 85 undefined on input line 103.


LaTeX Warning: Reference `sec:poisson' on page 85 undefined on input line 110.


LaTeX Warning: Reference `zb4' on page 85 undefined on input line 110.

[85] [86]

LaTeX Warning: Reference `sort_dir' on page 87 undefined on input line 164.

[87] [88] [89] [90] [91]
Underfull \hbox (badness 1661) in paragraph at lines 375--376
[]\T2A/cmr/bx/n/10 Указание. []\T2A/cmr/m/n/10 См. ра-бо-ту Fan et al. Geometri
c Understanding of
 []

) [92]
\openout2 = `stats1.aux'.

 (./stats1.tex [93


] [94] [95] [96]

LaTeX Warning: Reference `bootstrep' on page 97 undefined on input line 183.

[97] [98]
Overfull \hbox (9.40263pt too wide) detected at line 301
\OML/cmm/m/it/10 H[] \OT1/cmr/m/n/10 = [] \OML/cmm/m/it/10 c[][];  H[] \OT1/cmr
/m/n/10 = 2 [] \OML/cmm/m/it/10 c[] []\OT1/cmr/m/n/10 (2\OML/cmm/m/it/10 M[]\OT
1/cmr/m/n/10 )\OML/cmm/m/it/10 ;  c[] \OT1/cmr/m/n/10 = []\OML/cmm/m/it/10 ;  c
[] \OT1/cmr/m/n/10 = []\OML/cmm/m/it/10 :
 []

[99]
Overfull \hbox (16.8304pt too wide) detected at line 333
\OML/cmm/m/it/10 ^^X[] \OT1/cmr/m/n/10 = [] \OML/cmm/m/it/10 ^^X[]\OT1/cmr/m/n/
10 (\OML/cmm/m/it/10 v\OT1/cmr/m/n/10 )\OML/cmm/m/it/10 ;  ^^X[]\OT1/cmr/m/n/10
 (\OML/cmm/m/it/10 v\OT1/cmr/m/n/10 ) = \OMS/cmsy/m/n/10 j\OML/cmm/m/it/10 S[]U
\OT1/cmr/m/n/10 (\OML/cmm/m/it/10 v\OT1/cmr/m/n/10 ) \OMS/cmsy/m/n/10 ^^@ \OML/
cmm/m/it/10 U\OT1/cmr/m/n/10 (\OML/cmm/m/it/10 v[]\OT1/cmr/m/n/10 )\OMS/cmsy/m/
n/10 j\OML/cmm/m/it/10 ;  ^^X[]\OT1/cmr/m/n/10 (\OML/cmm/m/it/10 v\OT1/cmr/m/n/
10 ) = \OMS/cmsy/m/n/10 j\OML/cmm/m/it/10 S[]\OT1/cmr/m/n/10 (\OML/cmm/m/it/10 
I \OMS/cmsy/m/n/10 ^^@ \OML/cmm/m/it/10 S[]\OT1/cmr/m/n/10 )\OML/cmm/m/it/10 U\
OT1/cmr/m/n/10 (\OML/cmm/m/it/10 v\OT1/cmr/m/n/10 )\OMS/cmsy/m/n/10 j\OML/cmm/m
/it/10 :
 []


LaTeX Warning: Reference `sub_exp' on page 100 undefined on input line 338.


LaTeX Warning: Reference `gen_func' on page 100 undefined on input line 338.

[100] [101] [102]

LaTeX Warning: Reference `laplas_approx' on page 103 undefined on input line 50
6.


LaTeX Warning: Reference `wilks_geom' on page 103 undefined on input line 511.


LaTeX Warning: Reference `geom_prob' on page 103 undefined on input line 511.

[103] [104] [105]
Overfull \hbox (1.2495pt too wide) in paragraph at lines 586--587
[]\T2A/cmr/bx/n/10 Замечание. []\T2A/cmr/m/n/10 Оцен-ка мак-си-маль-но-го прав-
до-по-до-бия па-ра-мет-ра сдви-
 []


Overfull \hbox (0.86717pt too wide) in paragraph at lines 600--602
[]\T2A/cmr/m/n/10 (Уравнение Винера--Хопфа) По-ка-жи-те, что ес-ли $\OML/cmm/m/
it/10 I [] \OT1/cmr/m/n/10 =
 []

[106] [107] [108] [109] [110] [111] [112] [113] [114] [115] (./ML.tex [116]
[117]
Overfull \hbox (3.30568pt too wide) in paragraph at lines 115--116
\T2A/cmr/m/n/10 сти. Пусть по-сту-пи-ла обу-ча-ю-щая со-во-куп-ность $[]$.
 []

[118] [119] [120] [121]

LaTeX Warning: Reference `Fn' on page 122 undefined on input line 213.


Overfull \hbox (25.31961pt too wide) in paragraph at lines 223--224
\T2A/cmr/m/it/10 стью Вапника-Червоненкиса \T2A/cmr/m/n/10 (VC-размерность). Од
-на-ко А.Я.Червоненкис
 []

[122] [123] [124] [125] [126])) [127]
\openout2 = `bibliography.aux'.

 (./bibliography.tex
Underfull \hbox (badness 5563) in paragraph at lines 42--44
[]\T2A/cmr/m/n/10 Малышев В.А. Крат-чай-шее вве-де-ние в со-вре-мен-ные ве-
 []


Underfull \hbox (badness 4819) in paragraph at lines 42--44
\T2A/cmr/m/n/10 ро-ят-ност-ные мо-де-ли. ^^U М.: Изд-во мех-ма-та МГУ, 2009.
 []

[128


]
Underfull \hbox (badness 1264) in paragraph at lines 76--77
\T2A/cmr/m/n/10 ме-рах и за-да-чах. 3 Тео-рия ин-фор-ма-ции и ко-ди-ро-ва-ния. 
^^U
 []


Underfull \hbox (badness 10000) in paragraph at lines 93--94
[]\T2A/cmr/m/n/10 Стоянов Й. Контр-при-ме-ры в тео-рии ве-ро-ят-но-стей. ^^U
 []

[129]
Underfull \hbox (badness 2237) in paragraph at lines 120--121
[]\T2A/cmr/m/n/10 Sandholm W. Population games and Evolutionary dynamics.
 []


Underfull \hbox (badness 10000) in paragraph at lines 141--143
[]\T2A/cmr/m/n/10 Hopcroft J., Kannan R. Computer Science
 []


Underfull \hbox (badness 10000) in paragraph at lines 141--143
\T2A/cmr/m/n/10 Theory for the Information Age. - 2012.
 []

[130]
Underfull \hbox (badness 10000) in paragraph at lines 173--175
[]\T2A/cmr/m/n/10 Rakhlin A., Sridharan K. Statistical Learning Theory
 []


Underfull \hbox (badness 10000) in paragraph at lines 173--175
\T2A/cmr/m/n/10 and Sequential Prediction. - STAT928, 2014. \T2A/cmr/m/n/9 http
://www-
 []

) [131] [132

] (./main_part_2.aux (./abstract.aux) (./introduction.aux)
(./designations.aux) (./standart/bayes.aux) (./measure_concentration.aux)
(./information.aux) (./algorithms.aux) (./geometric_probability.aux)
(./stats1.aux) (./bibliography.aux))

LaTeX Warning: There were undefined references.

 ) 
Here is how much of TeX's memory you used:
 5045 strings out of 493117
 64320 string characters out of 6135433
 133858 words of memory out of 5000000
 8250 multiletter control sequences out of 15000+600000
 29222 words of font info for 93 fonts, out of 8000000 for 9000
 1141 hyphenation exceptions out of 8191
 38i,19n,24p,2465b,484s stack positions out of 5000i,500n,10000p,200000b,80000s
{/usr/local/texlive/2014/texmf-dist/fonts/enc/dvips/cm-super/cm-super-t2a.enc
}</usr/local/texlive/2014/texmf-dist/fonts/type1/public/amsfonts/cm/cmbx10.pfb>
</usr/local/texlive/2014/texmf-dist/fonts/type1/public/amsfonts/cm/cmex10.pfb><
/usr/local/texlive/2014/texmf-dist/fonts/type1/public/amsfonts/cmextra/cmex7.pf
b></usr/local/texlive/2014/texmf-dist/fonts/type1/public/amsfonts/cm/cmmi10.pfb
></usr/local/texlive/2014/texmf-dist/fonts/type1/public/amsfonts/cm/cmmi5.pfb><
/usr/local/texlive/2014/texmf-dist/fonts/type1/public/amsfonts/cm/cmmi7.pfb></u
sr/local/texlive/2014/texmf-dist/fonts/type1/public/amsfonts/cm/cmmi9.pfb></usr
/local/texlive/2014/texmf-dist/fonts/type1/public/amsfonts/cm/cmr10.pfb></usr/l
ocal/texlive/2014/texmf-dist/fonts/type1/public/amsfonts/cm/cmr5.pfb></usr/loca
l/texlive/2014/texmf-dist/fonts/type1/public/amsfonts/cm/cmr7.pfb></usr/local/t
exlive/2014/texmf-dist/fonts/type1/public/amsfonts/cm/cmss10.pfb></usr/local/te
xlive/2014/texmf-dist/fonts/type1/public/amsfonts/cm/cmss9.pfb></usr/local/texl
ive/2014/texmf-dist/fonts/type1/public/amsfonts/cm/cmssi9.pfb></usr/local/texli
ve/2014/texmf-dist/fonts/type1/public/amsfonts/cm/cmsy10.pfb></usr/local/texliv
e/2014/texmf-dist/fonts/type1/public/amsfonts/cm/cmsy5.pfb></usr/local/texlive/
2014/texmf-dist/fonts/type1/public/amsfonts/cm/cmsy7.pfb></usr/local/texlive/20
14/texmf-dist/fonts/type1/public/amsfonts/cm/cmsy9.pfb></usr/local/texlive/2014
/texmf-dist/fonts/type1/public/esint-type1/esint10.pfb></usr/local/texlive/2014
/texmf-dist/fonts/type1/public/amsfonts/symbols/msam10.pfb></usr/local/texlive/
2014/texmf-dist/fonts/type1/public/amsfonts/symbols/msbm10.pfb></usr/local/texl
ive/2014/texmf-dist/fonts/type1/public/amsfonts/symbols/msbm5.pfb></usr/local/t
exlive/2014/texmf-dist/fonts/type1/public/amsfonts/symbols/msbm7.pfb></usr/loca
l/texlive/2014/texmf-dist/fonts/type1/public/cm-super/sfbx0900.pfb></usr/local/
texlive/2014/texmf-dist/fonts/type1/public/cm-super/sfbx1000.pfb></usr/local/te
xlive/2014/texmf-dist/fonts/type1/public/cm-super/sfbx1440.pfb></usr/local/texl
ive/2014/texmf-dist/fonts/type1/public/cm-super/sfrm0600.pfb></usr/local/texliv
e/2014/texmf-dist/fonts/type1/public/cm-super/sfrm0700.pfb></usr/local/texlive/
2014/texmf-dist/fonts/type1/public/cm-super/sfrm0800.pfb></usr/local/texlive/20
14/texmf-dist/fonts/type1/public/cm-super/sfrm0900.pfb></usr/local/texlive/2014
/texmf-dist/fonts/type1/public/cm-super/sfrm1000.pfb></usr/local/texlive/2014/t
exmf-dist/fonts/type1/public/cm-super/sfti1000.pfb></usr/local/texlive/2014/tex
mf-dist/fonts/type1/public/cm-super/sftt1000.pfb>
Output written on main_part_2.pdf (140 pages, 1273019 bytes).
PDF statistics:
 660 PDF objects out of 1000 (max. 8388607)
 456 compressed objects within 5 object streams
 0 named destinations out of 1000 (max. 500000)
 41 words of extra memory for PDF output out of 10000 (max. 10000000)

